# JRE version: OpenJDK Runtime Environment (8.0_152-b02) (build 1.8.0_152-release-1024-b02)
# Java VM: OpenJDK 64-Bit Server VM (25.152-b02 mixed mode windows-amd64 compressed oops)
Heap:
 PSYoungGen      total 436736K, used 91382K [0x00000000e0000000, 0x00000000fdf00000, 0x0000000100000000)
  eden space 411648K, 22% used [0x00000000e0000000,0x00000000e593da88,0x00000000f9200000)
  from space 25088K, 0% used [0x00000000fc680000,0x00000000fc680000,0x00000000fdf00000)
  to   space 31232K, 0% used [0x00000000fa200000,0x00000000fa200000,0x00000000fc080000)
 ParOldGen       total 293376K, used 74993K [0x00000000a0000000, 0x00000000b1e80000, 0x00000000e0000000)
  object space 293376K, 25% used [0x00000000a0000000,0x00000000a493c668,0x00000000b1e80000)
 Metaspace       used 91645K, capacity 97210K, committed 98816K, reserved 1134592K
  class space    used 11584K, capacity 12651K, committed 13056K, reserved 1048576K
GC Heap History (10 events):
Event: 1007.414 GC heap before
{Heap before GC invocations=18 (full 3):
 PSYoungGen      total 407040K, used 407029K [0x00000000e0000000, 0x00000000fc200000, 0x0000000100000000)
  eden space 398336K, 100% used [0x00000000e0000000,0x00000000f8500000,0x00000000f8500000)
  from space 8704K, 99% used [0x00000000fb300000,0x00000000fbb7d710,0x00000000fbb80000)
  to   space 31232K, 0% used [0x00000000f8500000,0x00000000f8500000,0x00000000fa380000)
 ParOldGen       total 193536K, used 64258K [0x00000000a0000000, 0x00000000abd00000, 0x00000000e0000000)
  object space 193536K, 33% used [0x00000000a0000000,0x00000000a3ec0bd0,0x00000000abd00000)
 Metaspace       used 89165K, capacity 95244K, committed 95360K, reserved 1132544K
  class space    used 11477K, capacity 12668K, committed 12672K, reserved 1048576K
Event: 1007.435 GC heap after
Heap after GC invocations=18 (full 3):
 PSYoungGen      total 429568K, used 17941K [0x00000000e0000000, 0x0000000100000000, 0x0000000100000000)
  eden space 398336K, 0% used [0x00000000e0000000,0x00000000e0000000,0x00000000f8500000)
  from space 31232K, 57% used [0x00000000f8500000,0x00000000f9685420,0x00000000fa380000)
  to   space 30208K, 0% used [0x00000000fe280000,0x00000000fe280000,0x0000000100000000)
 ParOldGen       total 193536K, used 70068K [0x00000000a0000000, 0x00000000abd00000, 0x00000000e0000000)
  object space 193536K, 36% used [0x00000000a0000000,0x00000000a446d3a0,0x00000000abd00000)
 Metaspace       used 89165K, capacity 95244K, committed 95360K, reserved 1132544K
  class space    used 11477K, capacity 12668K, committed 12672K, reserved 1048576K
}
Event: 1010.962 GC heap before
{Heap before GC invocations=19 (full 3):
 PSYoungGen      total 429568K, used 416239K [0x00000000e0000000, 0x0000000100000000, 0x0000000100000000)
  eden space 398336K, 99% used [0x00000000e0000000,0x00000000f84f6b00,0x00000000f8500000)
  from space 31232K, 57% used [0x00000000f8500000,0x00000000f9685420,0x00000000fa380000)
  to   space 30208K, 0% used [0x00000000fe280000,0x00000000fe280000,0x0000000100000000)
 ParOldGen       total 193536K, used 70068K [0x00000000a0000000, 0x00000000abd00000, 0x00000000e0000000)
  object space 193536K, 36% used [0x00000000a0000000,0x00000000a446d3a0,0x00000000abd00000)
 Metaspace       used 90960K, capacity 97154K, committed 97408K, reserved 1134592K
  class space    used 11647K, capacity 12841K, committed 12928K, reserved 1048576K
Event: 1010.974 GC heap after
Heap after GC invocations=19 (full 3):
 PSYoungGen      total 398336K, used 14243K [0x00000000e0000000, 0x00000000ff080000, 0x0000000100000000)
  eden space 384000K, 0% used [0x00000000e0000000,0x00000000e0000000,0x00000000f7700000)
  from space 14336K, 99% used [0x00000000fe280000,0x00000000ff068f78,0x00000000ff080000)
  to   space 29184K, 0% used [0x00000000fb780000,0x00000000fb780000,0x00000000fd400000)
 ParOldGen       total 193536K, used 70076K [0x00000000a0000000, 0x00000000abd00000, 0x00000000e0000000)
  object space 193536K, 36% used [0x00000000a0000000,0x00000000a446f3a0,0x00000000abd00000)
 Metaspace       used 90960K, capacity 97154K, committed 97408K, reserved 1134592K
  class space    used 11647K, capacity 12841K, committed 12928K, reserved 1048576K
}
Event: 1011.517 GC heap before
{Heap before GC invocations=20 (full 3):
 PSYoungGen      total 398336K, used 397325K [0x00000000e0000000, 0x00000000ff080000, 0x0000000100000000)
  eden space 384000K, 99% used [0x00000000e0000000,0x00000000f761a4b0,0x00000000f7700000)
  from space 14336K, 99% used [0x00000000fe280000,0x00000000ff068f78,0x00000000ff080000)
  to   space 29184K, 0% used [0x00000000fb780000,0x00000000fb780000,0x00000000fd400000)
 ParOldGen       total 193536K, used 70076K [0x00000000a0000000, 0x00000000abd00000, 0x00000000e0000000)
  object space 193536K, 36% used [0x00000000a0000000,0x00000000a446f3a0,0x00000000abd00000)
 Metaspace       used 91063K, capacity 97268K, committed 97408K, reserved 1134592K
  class space    used 11650K, capacity 12846K, committed 12928K, reserved 1048576K
Event: 1011.526 GC heap after
Heap after GC invocations=20 (full 3):
 PSYoungGen      total 437248K, used 9392K [0x00000000e0000000, 0x00000000fe300000, 0x0000000100000000)
  eden space 427520K, 0% used [0x00000000e0000000,0x00000000e0000000,0x00000000fa180000)
  from space 9728K, 96% used [0x00000000fb780000,0x00000000fc0ac3b0,0x00000000fc100000)
  to   space 29184K, 0% used [0x00000000fc680000,0x00000000fc680000,0x00000000fe300000)
 ParOldGen       total 193536K, used 70084K [0x00000000a0000000, 0x00000000abd00000, 0x00000000e0000000)
  object space 193536K, 36% used [0x00000000a0000000,0x00000000a44713a0,0x00000000abd00000)
 Metaspace       used 91063K, capacity 97268K, committed 97408K, reserved 1134592K
  class space    used 11650K, capacity 12846K, committed 12928K, reserved 1048576K
}
Event: 1405.782 GC heap before
{Heap before GC invocations=21 (full 3):
 PSYoungGen      total 437248K, used 161838K [0x00000000e0000000, 0x00000000fe300000, 0x0000000100000000)
  eden space 427520K, 35% used [0x00000000e0000000,0x00000000e94df610,0x00000000fa180000)
  from space 9728K, 96% used [0x00000000fb780000,0x00000000fc0ac3b0,0x00000000fc100000)
  to   space 29184K, 0% used [0x00000000fc680000,0x00000000fc680000,0x00000000fe300000)
 ParOldGen       total 193536K, used 70084K [0x00000000a0000000, 0x00000000abd00000, 0x00000000e0000000)
  object space 193536K, 36% used [0x00000000a0000000,0x00000000a44713a0,0x00000000abd00000)
 Metaspace       used 91937K, capacity 98240K, committed 98304K, reserved 1134592K
  class space    used 11773K, capacity 13006K, committed 13056K, reserved 1048576K
Event: 1405.801 GC heap after
Heap after GC invocations=21 (full 3):
 PSYoungGen      total 436736K, used 24779K [0x00000000e0000000, 0x00000000fdf00000, 0x0000000100000000)
  eden space 411648K, 0% used [0x00000000e0000000,0x00000000e0000000,0x00000000f9200000)
  from space 25088K, 98% used [0x00000000fc680000,0x00000000fdeb2c08,0x00000000fdf00000)
  to   space 31232K, 0% used [0x00000000fa200000,0x00000000fa200000,0x00000000fc080000)
 ParOldGen       total 193536K, used 70092K [0x00000000a0000000, 0x00000000abd00000, 0x00000000e0000000)
  object space 193536K, 36% used [0x00000000a0000000,0x00000000a44733a0,0x00000000abd00000)
 Metaspace       used 91937K, capacity 98240K, committed 98304K, reserved 1134592K
  class space    used 11773K, capacity 13006K, committed 13056K, reserved 1048576K
}
Event: 1405.801 GC heap before
{Heap before GC invocations=22 (full 4):
 PSYoungGen      total 436736K, used 24779K [0x00000000e0000000, 0x00000000fdf00000, 0x0000000100000000)
  eden space 411648K, 0% used [0x00000000e0000000,0x00000000e0000000,0x00000000f9200000)
  from space 25088K, 98% used [0x00000000fc680000,0x00000000fdeb2c08,0x00000000fdf00000)
  to   space 31232K, 0% used [0x00000000fa200000,0x00000000fa200000,0x00000000fc080000)
 ParOldGen       total 193536K, used 70092K [0x00000000a0000000, 0x00000000abd00000, 0x00000000e0000000)
  object space 193536K, 36% used [0x00000000a0000000,0x00000000a44733a0,0x00000000abd00000)
 Metaspace       used 91937K, capacity 98240K, committed 98304K, reserved 1134592K
  class space    used 11773K, capacity 13006K, committed 13056K, reserved 1048576K
Event: 1406.041 GC heap after
Heap after GC invocations=22 (full 4):
 PSYoungGen      total 436736K, used 0K [0x00000000e0000000, 0x00000000fdf00000, 0x0000000100000000)
  eden space 411648K, 0% used [0x00000000e0000000,0x00000000e0000000,0x00000000f9200000)
  from space 25088K, 0% used [0x00000000fc680000,0x00000000fc680000,0x00000000fdf00000)
  to   space 31232K, 0% used [0x00000000fa200000,0x00000000fa200000,0x00000000fc080000)
 ParOldGen       total 293376K, used 74993K [0x00000000a0000000, 0x00000000b1e80000, 0x00000000e0000000)
  object space 293376K, 25% used [0x00000000a0000000,0x00000000a493c668,0x00000000b1e80000)
 Metaspace       used 91314K, capacity 96742K, committed 98304K, reserved 1134592K
  class space    used 11550K, capacity 12621K, committed 13056K, reserved 1048576K
}

