# JRE version: OpenJDK Runtime Environment (8.0_152-b02) (build 1.8.0_152-release-1024-b02)
# Java VM: OpenJDK 64-Bit Server VM (25.152-b02 mixed mode windows-amd64 compressed oops)
Heap:
 PSYoungGen      total 344576K, used 34023K [0x00000000e0000000, 0x00000000f7480000, 0x0000000100000000)
  eden space 312832K, 10% used [0x00000000e0000000,0x00000000e2139f48,0x00000000f3180000)
  from space 31744K, 0% used [0x00000000f5280000,0x00000000f5280000,0x00000000f7180000)
  to   space 33792K, 0% used [0x00000000f3180000,0x00000000f3180000,0x00000000f5280000)
 ParOldGen       total 376320K, used 56653K [0x00000000a0000000, 0x00000000b6f80000, 0x00000000e0000000)
  object space 376320K, 15% used [0x00000000a0000000,0x00000000a3753488,0x00000000b6f80000)
 Metaspace       used 89141K, capacity 92126K, committed 98348K, reserved 1134592K
  class space    used 11178K, capacity 11874K, committed 13184K, reserved 1048576K
GC Heap History (10 events):
Event: 1690.856 GC heap before
{Heap before GC invocations=22 (full 3):
 PSYoungGen      total 280576K, used 271026K [0x00000000e0000000, 0x00000000f2c00000, 0x0000000100000000)
  eden space 254976K, 100% used [0x00000000e0000000,0x00000000ef900000,0x00000000ef900000)
  from space 25600K, 62% used [0x00000000f1300000,0x00000000f22ac8e8,0x00000000f2c00000)
  to   space 26112K, 0% used [0x00000000ef900000,0x00000000ef900000,0x00000000f1280000)
 ParOldGen       total 262656K, used 67155K [0x00000000a0000000, 0x00000000b0080000, 0x00000000e0000000)
  object space 262656K, 25% used [0x00000000a0000000,0x00000000a4194fe8,0x00000000b0080000)
 Metaspace       used 74169K, capacity 77044K, committed 77184K, reserved 1116160K
  class space    used 9526K, capacity 10266K, committed 10368K, reserved 1048576K
Event: 1690.882 GC heap after
Heap after GC invocations=22 (full 3):
 PSYoungGen      total 281088K, used 20876K [0x00000000e0000000, 0x00000000f4f80000, 0x0000000100000000)
  eden space 254976K, 0% used [0x00000000e0000000,0x00000000e0000000,0x00000000ef900000)
  from space 26112K, 79% used [0x00000000ef900000,0x00000000f0d631f0,0x00000000f1280000)
  to   space 26624K, 0% used [0x00000000f3580000,0x00000000f3580000,0x00000000f4f80000)
 ParOldGen       total 262656K, used 67163K [0x00000000a0000000, 0x00000000b0080000, 0x00000000e0000000)
  object space 262656K, 25% used [0x00000000a0000000,0x00000000a4196fe8,0x00000000b0080000)
 Metaspace       used 74169K, capacity 77044K, committed 77184K, reserved 1116160K
  class space    used 9526K, capacity 10266K, committed 10368K, reserved 1048576K
}
Event: 1698.705 GC heap before
{Heap before GC invocations=23 (full 3):
 PSYoungGen      total 281088K, used 275852K [0x00000000e0000000, 0x00000000f4f80000, 0x0000000100000000)
  eden space 254976K, 100% used [0x00000000e0000000,0x00000000ef900000,0x00000000ef900000)
  from space 26112K, 79% used [0x00000000ef900000,0x00000000f0d631f0,0x00000000f1280000)
  to   space 26624K, 0% used [0x00000000f3580000,0x00000000f3580000,0x00000000f4f80000)
 ParOldGen       total 262656K, used 67163K [0x00000000a0000000, 0x00000000b0080000, 0x00000000e0000000)
  object space 262656K, 25% used [0x00000000a0000000,0x00000000a4196fe8,0x00000000b0080000)
 Metaspace       used 81657K, capacity 84816K, committed 84864K, reserved 1122304K
  class space    used 10355K, capacity 11124K, committed 11136K, reserved 1048576K
Event: 1698.725 GC heap after
Heap after GC invocations=23 (full 3):
 PSYoungGen      total 310272K, used 26601K [0x00000000e0000000, 0x00000000f5780000, 0x0000000100000000)
  eden space 283648K, 0% used [0x00000000e0000000,0x00000000e0000000,0x00000000f1500000)
  from space 26624K, 99% used [0x00000000f3580000,0x00000000f4f7a7d0,0x00000000f4f80000)
  to   space 33280K, 0% used [0x00000000f1500000,0x00000000f1500000,0x00000000f3580000)
 ParOldGen       total 262656K, used 76903K [0x00000000a0000000, 0x00000000b0080000, 0x00000000e0000000)
  object space 262656K, 29% used [0x00000000a0000000,0x00000000a4b19d98,0x00000000b0080000)
 Metaspace       used 81657K, capacity 84816K, committed 84864K, reserved 1122304K
  class space    used 10355K, capacity 11124K, committed 11136K, reserved 1048576K
}
Event: 1700.636 GC heap before
{Heap before GC invocations=24 (full 3):
 PSYoungGen      total 310272K, used 310249K [0x00000000e0000000, 0x00000000f5780000, 0x0000000100000000)
  eden space 283648K, 100% used [0x00000000e0000000,0x00000000f1500000,0x00000000f1500000)
  from space 26624K, 99% used [0x00000000f3580000,0x00000000f4f7a7d0,0x00000000f4f80000)
  to   space 33280K, 0% used [0x00000000f1500000,0x00000000f1500000,0x00000000f3580000)
 ParOldGen       total 262656K, used 76903K [0x00000000a0000000, 0x00000000b0080000, 0x00000000e0000000)
  object space 262656K, 29% used [0x00000000a0000000,0x00000000a4b19d98,0x00000000b0080000)
 Metaspace       used 83043K, capacity 86336K, committed 86656K, reserved 1124352K
  class space    used 10533K, capacity 11318K, committed 11392K, reserved 1048576K
Event: 1700.651 GC heap after
Heap after GC invocations=24 (full 3):
 PSYoungGen      total 316928K, used 19223K [0x00000000e0000000, 0x00000000f7180000, 0x0000000100000000)
  eden space 283648K, 0% used [0x00000000e0000000,0x00000000e0000000,0x00000000f1500000)
  from space 33280K, 57% used [0x00000000f1500000,0x00000000f27c5f20,0x00000000f3580000)
  to   space 31744K, 0% used [0x00000000f5280000,0x00000000f5280000,0x00000000f7180000)
 ParOldGen       total 262656K, used 85217K [0x00000000a0000000, 0x00000000b0080000, 0x00000000e0000000)
  object space 262656K, 32% used [0x00000000a0000000,0x00000000a53386a8,0x00000000b0080000)
 Metaspace       used 83043K, capacity 86336K, committed 86656K, reserved 1124352K
  class space    used 10533K, capacity 11318K, committed 11392K, reserved 1048576K
}
Event: 1702.481 GC heap before
{Heap before GC invocations=25 (full 3):
 PSYoungGen      total 316928K, used 173143K [0x00000000e0000000, 0x00000000f7180000, 0x0000000100000000)
  eden space 283648K, 54% used [0x00000000e0000000,0x00000000e964ff78,0x00000000f1500000)
  from space 33280K, 57% used [0x00000000f1500000,0x00000000f27c5f20,0x00000000f3580000)
  to   space 31744K, 0% used [0x00000000f5280000,0x00000000f5280000,0x00000000f7180000)
 ParOldGen       total 262656K, used 85217K [0x00000000a0000000, 0x00000000b0080000, 0x00000000e0000000)
  object space 262656K, 32% used [0x00000000a0000000,0x00000000a53386a8,0x00000000b0080000)
 Metaspace       used 91992K, capacity 98272K, committed 98348K, reserved 1134592K
  class space    used 11960K, capacity 13144K, committed 13184K, reserved 1048576K
Event: 1702.499 GC heap after
Heap after GC invocations=25 (full 3):
 PSYoungGen      total 344576K, used 26680K [0x00000000e0000000, 0x00000000f7480000, 0x0000000100000000)
  eden space 312832K, 0% used [0x00000000e0000000,0x00000000e0000000,0x00000000f3180000)
  from space 31744K, 84% used [0x00000000f5280000,0x00000000f6c8e1c0,0x00000000f7180000)
  to   space 33792K, 0% used [0x00000000f3180000,0x00000000f3180000,0x00000000f5280000)
 ParOldGen       total 262656K, used 85225K [0x00000000a0000000, 0x00000000b0080000, 0x00000000e0000000)
  object space 262656K, 32% used [0x00000000a0000000,0x00000000a533a6a8,0x00000000b0080000)
 Metaspace       used 91992K, capacity 98272K, committed 98348K, reserved 1134592K
  class space    used 11960K, capacity 13144K, committed 13184K, reserved 1048576K
}
Event: 1702.499 GC heap before
{Heap before GC invocations=26 (full 4):
 PSYoungGen      total 344576K, used 26680K [0x00000000e0000000, 0x00000000f7480000, 0x0000000100000000)
  eden space 312832K, 0% used [0x00000000e0000000,0x00000000e0000000,0x00000000f3180000)
  from space 31744K, 84% used [0x00000000f5280000,0x00000000f6c8e1c0,0x00000000f7180000)
  to   space 33792K, 0% used [0x00000000f3180000,0x00000000f3180000,0x00000000f5280000)
 ParOldGen       total 262656K, used 85225K [0x00000000a0000000, 0x00000000b0080000, 0x00000000e0000000)
  object space 262656K, 32% used [0x00000000a0000000,0x00000000a533a6a8,0x00000000b0080000)
 Metaspace       used 91992K, capacity 98272K, committed 98348K, reserved 1134592K
  class space    used 11960K, capacity 13144K, committed 13184K, reserved 1048576K
Event: 1702.689 GC heap after
Heap after GC invocations=26 (full 4):
 PSYoungGen      total 344576K, used 0K [0x00000000e0000000, 0x00000000f7480000, 0x0000000100000000)
  eden space 312832K, 0% used [0x00000000e0000000,0x00000000e0000000,0x00000000f3180000)
  from space 31744K, 0% used [0x00000000f5280000,0x00000000f5280000,0x00000000f7180000)
  to   space 33792K, 0% used [0x00000000f3180000,0x00000000f3180000,0x00000000f5280000)
 ParOldGen       total 376320K, used 56653K [0x00000000a0000000, 0x00000000b6f80000, 0x00000000e0000000)
  object space 376320K, 15% used [0x00000000a0000000,0x00000000a3753488,0x00000000b6f80000)
 Metaspace       used 88697K, capacity 91514K, committed 98348K, reserved 1134592K
  class space    used 11107K, capacity 11748K, committed 13184K, reserved 1048576K
}

